#
# There is insufficient memory for the Java Runtime Environment to continue.
# Native memory allocation (malloc) failed to allocate 32744 bytes for ChunkPool::allocate
# Possible reasons:
#   The system is out of physical RAM or swap space
#   The process is running with CompressedOops enabled, and the Java Heap may be blocking the growth of the native heap
# Possible solutions:
#   Reduce memory load on the system
#   Increase physical memory or swap space
#   Check if swap backing store is full
#   Decrease Java heap size (-Xmx/-Xms)
#   Decrease number of Java threads
#   Decrease Java thread stack sizes (-Xss)
#   Set larger code cache with -XX:ReservedCodeCacheSize=
#   JVM is running with Unscaled Compressed Oops mode in which the Java heap is
#     placed in the first 4GB address space. The Java Heap base address is the
#     maximum limit for the native heap growth. Please use -XX:HeapBaseMinAddress
#     to set the Java Heap base and to place the Java Heap above 4GB virtual address.
# This output file may be truncated or incomplete.
#
#  Out of Memory Error (arena.cpp:78), pid=5320, tid=12812
#
# JRE version: OpenJDK Runtime Environment (17.0.7) (build 17.0.7+0-b2043.56-10550314)
# Java VM: OpenJDK 64-Bit Server VM (17.0.7+0-b2043.56-10550314, mixed mode, tiered, compressed oops, compressed class ptrs, g1 gc, windows-amd64)
# No core dump will be written. Minidumps are not enabled by default on client versions of Windows
#

---------------  S U M M A R Y ------------

Command Line: -Dorg.gradle.appname=gradlew org.gradle.wrapper.GradleWrapperMain -q -Ptarget-platform=android-x64 -Ptarget=C:\UtkarshSohane\ShoppingApp\shopping_app\lib\main.dart -Pbase-application-name=android.app.Application -Pdart-defines=RkxVVFRFUl9XRUJfQVVUT19ERVRFQ1Q9dHJ1ZQ==,RkxVVFRFUl9XRUJfQ0FOVkFTS0lUX1VSTD1odHRwczovL3d3dy5nc3RhdGljLmNvbS9mbHV0dGVyLWNhbnZhc2tpdC81NGE3MTQ1MzAzZjBkZDlkMGY5MzQyNGEyZTEyNGViNGFiZWY1MDkxLw== -Pdart-obfuscation=false -Ptrack-widget-creation=true -Ptree-shake-icons=false -Pfilesystem-scheme=org-dartlang-root assembleDebug

Host: AMD Ryzen 7 3700U with Radeon Vega Mobile Gfx  , 8 cores, 5G,  Windows 10 , 64 bit Build 19041 (10.0.19041.3636)
Time: Thu Mar 21 17:39:15 2024 India Standard Time elapsed time: 21.133509 seconds (0d 0h 0m 21s)

---------------  T H R E A D  ---------------

Current thread (0x00000180eb0083a0):  JavaThread "C2 CompilerThread0" daemon [_thread_in_native, id=12812, stack(0x0000001aeaa00000,0x0000001aeab00000)]


Current CompileTask:
C2:  21133 1518 % !   4       java.io.BufferedReader::readLine @ 139 (327 bytes)

Stack: [0x0000001aeaa00000,0x0000001aeab00000]
Native frames: (J=compiled Java code, j=interpreted, Vv=VM code, C=native code)
V  [jvm.dll+0x683bfa]
V  [jvm.dll+0x8430a4]
V  [jvm.dll+0x8449be]
V  [jvm.dll+0x845023]
V  [jvm.dll+0x24ad2f]
V  [jvm.dll+0xac47c]
V  [jvm.dll+0xac82c]
V  [jvm.dll+0x65fca3]
V  [jvm.dll+0x346050]
V  [jvm.dll+0x343b0e]
V  [jvm.dll+0x1a9d50]
V  [jvm.dll+0x2b13a4]
V  [jvm.dll+0x69bfe5]
V  [jvm.dll+0x693fab]
V  [jvm.dll+0x6935e7]
V  [jvm.dll+0x6914e2]
V  [jvm.dll+0x1a927c]
V  [jvm.dll+0x21c238]
V  [jvm.dll+0x1a605d]
V  [jvm.dll+0x22c148]
V  [jvm.dll+0x22a209]
V  [jvm.dll+0x7f858c]
V  [jvm.dll+0x7f2aea]
V  [jvm.dll+0x682a35]
C  [ucrtbase.dll+0x21bb2]
C  [KERNEL32.DLL+0x17344]
C  [ntdll.dll+0x526b1]


---------------  P R O C E S S  ---------------

Threads class SMR info:
_java_thread_list=0x00000180ebe3d980, length=14, elements={
0x00000180ce0c4c40, 0x00000180e6b21330, 0x00000180e6b220b0, 0x00000180e6b69a90,
0x00000180e6b6d470, 0x00000180e6b6dd30, 0x00000180e6b6e5f0, 0x00000180eb0083a0,
0x00000180eb00c1a0, 0x00000180eb00eab0, 0x00000180eb1a67e0, 0x00000180eb1b0710,
0x00000180ebd41340, 0x00000180eb0a9e50
}

Java Threads: ( => current thread )
  0x00000180ce0c4c40 JavaThread "main" [_thread_in_native, id=6472, stack(0x0000001ae9d00000,0x0000001ae9e00000)]
  0x00000180e6b21330 JavaThread "Reference Handler" daemon [_thread_blocked, id=12356, stack(0x0000001aea400000,0x0000001aea500000)]
  0x00000180e6b220b0 JavaThread "Finalizer" daemon [_thread_blocked, id=18660, stack(0x0000001aea500000,0x0000001aea600000)]
  0x00000180e6b69a90 JavaThread "Signal Dispatcher" daemon [_thread_blocked, id=17008, stack(0x0000001aea600000,0x0000001aea700000)]
  0x00000180e6b6d470 JavaThread "Attach Listener" daemon [_thread_blocked, id=4696, stack(0x0000001aea700000,0x0000001aea800000)]
  0x00000180e6b6dd30 JavaThread "Service Thread" daemon [_thread_blocked, id=15752, stack(0x0000001aea800000,0x0000001aea900000)]
  0x00000180e6b6e5f0 JavaThread "Monitor Deflation Thread" daemon [_thread_blocked, id=7532, stack(0x0000001aea900000,0x0000001aeaa00000)]
=>0x00000180eb0083a0 JavaThread "C2 CompilerThread0" daemon [_thread_in_native, id=12812, stack(0x0000001aeaa00000,0x0000001aeab00000)]
  0x00000180eb00c1a0 JavaThread "C1 CompilerThread0" daemon [_thread_blocked, id=19800, stack(0x0000001aeab00000,0x0000001aeac00000)]
  0x00000180eb00eab0 JavaThread "Sweeper thread" daemon [_thread_blocked, id=9468, stack(0x0000001aeac00000,0x0000001aead00000)]
  0x00000180eb1a67e0 JavaThread "Notification Thread" daemon [_thread_blocked, id=480, stack(0x0000001aead00000,0x0000001aeae00000)]
  0x00000180eb1b0710 JavaThread "Common-Cleaner" daemon [_thread_blocked, id=6528, stack(0x0000001aeaf00000,0x0000001aeb000000)]
  0x00000180ebd41340 JavaThread "pool-1-thread-1" [_thread_blocked, id=272, stack(0x0000001aeb400000,0x0000001aeb500000)]
  0x00000180eb0a9e50 JavaThread "DisconnectableInputStream source reader" daemon [_thread_in_native, id=16324, stack(0x0000001aeb600000,0x0000001aeb700000)]

Other Threads:
  0x00000180e6b1f940 VMThread "VM Thread" [stack: 0x0000001aea300000,0x0000001aea400000] [id=8220]
  0x00000180ce128ec0 WatcherThread [stack: 0x0000001aeae00000,0x0000001aeaf00000] [id=5080]
  0x00000180ce110be0 GCTaskThread "GC Thread#0" [stack: 0x0000001ae9e00000,0x0000001ae9f00000] [id=10972]
  0x00000180ebb7b1c0 GCTaskThread "GC Thread#1" [stack: 0x0000001aeb000000,0x0000001aeb100000] [id=7892]
  0x00000180ebb47580 GCTaskThread "GC Thread#2" [stack: 0x0000001aeb100000,0x0000001aeb200000] [id=4080]
  0x00000180ebb47830 GCTaskThread "GC Thread#3" [stack: 0x0000001aeb200000,0x0000001aeb300000] [id=10480]
  0x00000180ebff6e30 GCTaskThread "GC Thread#4" [stack: 0x0000001aeb300000,0x0000001aeb400000] [id=8660]
  0x00000180ce11de50 ConcurrentGCThread "G1 Main Marker" [stack: 0x0000001ae9f00000,0x0000001aea000000] [id=18008]
  0x00000180ce11e770 ConcurrentGCThread "G1 Conc#0" [stack: 0x0000001aea000000,0x0000001aea100000] [id=16548]
  0x00000180e6980090 ConcurrentGCThread "G1 Refine#0" [stack: 0x0000001aea100000,0x0000001aea200000] [id=2724]
  0x00000180e69809c0 ConcurrentGCThread "G1 Service" [stack: 0x0000001aea200000,0x0000001aea300000] [id=14276]

Threads with active compile tasks:
C2 CompilerThread0    21167 1518 % !   4       java.io.BufferedReader::readLine @ 139 (327 bytes)

VM state: not at safepoint (normal execution)

VM Mutex/Monitor currently owned by a thread: None

Heap address: 0x00000000a1c00000, size: 1508 MB, Compressed Oops mode: 32-bit

CDS archive(s) not mapped
Compressed class space mapped at: 0x0000000100000000-0x0000000140000000, reserved size: 1073741824
Narrow klass base: 0x0000000000000000, Narrow klass shift: 3, Narrow klass range: 0x140000000

GC Precious Log:
 CPUs: 8 total, 8 available
 Memory: 6030M
 Large Page Support: Disabled
 NUMA Support: Disabled
 Compressed Oops: Enabled (32-bit)
 Heap Region Size: 1M
 Heap Min Capacity: 8M
 Heap Initial Capacity: 96M
 Heap Max Capacity: 1508M
 Pre-touch: Disabled
 Parallel Workers: 8
 Concurrent Workers: 2
 Concurrent Refinement Workers: 8
 Periodic GC: Disabled

Heap:
 garbage-first heap   total 98304K, used 31705K [0x00000000a1c00000, 0x0000000100000000)
  region size 1024K, 26 young (26624K), 3 survivors (3072K)
 Metaspace       used 18112K, committed 18304K, reserved 1114112K
  class space    used 2071K, committed 2176K, reserved 1048576K

Heap Regions: E=young(eden), S=young(survivor), O=old, HS=humongous(starts), HC=humongous(continues), CS=collection set, F=free, OA=open archive, CA=closed archive, TAMS=top-at-mark-start (previous, next)
|   0|0x00000000a1c00000, 0x00000000a1c00000, 0x00000000a1d00000|  0%| F|  |TAMS 0x00000000a1c00000, 0x00000000a1c00000| Untracked 
|   1|0x00000000a1d00000, 0x00000000a1d00000, 0x00000000a1e00000|  0%| F|  |TAMS 0x00000000a1d00000, 0x00000000a1d00000| Untracked 
|   2|0x00000000a1e00000, 0x00000000a1e00000, 0x00000000a1f00000|  0%| F|  |TAMS 0x00000000a1e00000, 0x00000000a1e00000| Untracked 
|   3|0x00000000a1f00000, 0x00000000a2000000, 0x00000000a2000000|100%|HS|  |TAMS 0x00000000a1f00000, 0x00000000a1f00000| Complete 
|   4|0x00000000a2000000, 0x00000000a2100000, 0x00000000a2100000|100%|HC|  |TAMS 0x00000000a2000000, 0x00000000a2000000| Complete 
|   5|0x00000000a2100000, 0x00000000a2200000, 0x00000000a2200000|100%|HC|  |TAMS 0x00000000a2100000, 0x00000000a2100000| Complete 
|   6|0x00000000a2200000, 0x00000000a2300000, 0x00000000a2300000|100%| O|  |TAMS 0x00000000a2200000, 0x00000000a2200000| Untracked 
|   7|0x00000000a2300000, 0x00000000a2400000, 0x00000000a2400000|100%| O|  |TAMS 0x00000000a2300000, 0x00000000a2300000| Untracked 
|   8|0x00000000a2400000, 0x00000000a24f6600, 0x00000000a2500000| 96%| O|  |TAMS 0x00000000a2400000, 0x00000000a2400000| Untracked 
|   9|0x00000000a2500000, 0x00000000a2500000, 0x00000000a2600000|  0%| F|  |TAMS 0x00000000a2500000, 0x00000000a2500000| Untracked 
|  10|0x00000000a2600000, 0x00000000a2600000, 0x00000000a2700000|  0%| F|  |TAMS 0x00000000a2600000, 0x00000000a2600000| Untracked 
|  11|0x00000000a2700000, 0x00000000a2700000, 0x00000000a2800000|  0%| F|  |TAMS 0x00000000a2700000, 0x00000000a2700000| Untracked 
|  12|0x00000000a2800000, 0x00000000a2800000, 0x00000000a2900000|  0%| F|  |TAMS 0x00000000a2800000, 0x00000000a2800000| Untracked 
|  13|0x00000000a2900000, 0x00000000a2900000, 0x00000000a2a00000|  0%| F|  |TAMS 0x00000000a2900000, 0x00000000a2900000| Untracked 
|  14|0x00000000a2a00000, 0x00000000a2a00000, 0x00000000a2b00000|  0%| F|  |TAMS 0x00000000a2a00000, 0x00000000a2a00000| Untracked 
|  15|0x00000000a2b00000, 0x00000000a2b00000, 0x00000000a2c00000|  0%| F|  |TAMS 0x00000000a2b00000, 0x00000000a2b00000| Untracked 
|  16|0x00000000a2c00000, 0x00000000a2c00000, 0x00000000a2d00000|  0%| F|  |TAMS 0x00000000a2c00000, 0x00000000a2c00000| Untracked 
|  17|0x00000000a2d00000, 0x00000000a2d00000, 0x00000000a2e00000|  0%| F|  |TAMS 0x00000000a2d00000, 0x00000000a2d00000| Untracked 
|  18|0x00000000a2e00000, 0x00000000a2e00000, 0x00000000a2f00000|  0%| F|  |TAMS 0x00000000a2e00000, 0x00000000a2e00000| Untracked 
|  19|0x00000000a2f00000, 0x00000000a2f00000, 0x00000000a3000000|  0%| F|  |TAMS 0x00000000a2f00000, 0x00000000a2f00000| Untracked 
|  20|0x00000000a3000000, 0x00000000a3000000, 0x00000000a3100000|  0%| F|  |TAMS 0x00000000a3000000, 0x00000000a3000000| Untracked 
|  21|0x00000000a3100000, 0x00000000a3100000, 0x00000000a3200000|  0%| F|  |TAMS 0x00000000a3100000, 0x00000000a3100000| Untracked 
|  22|0x00000000a3200000, 0x00000000a3200000, 0x00000000a3300000|  0%| F|  |TAMS 0x00000000a3200000, 0x00000000a3200000| Untracked 
|  23|0x00000000a3300000, 0x00000000a3300000, 0x00000000a3400000|  0%| F|  |TAMS 0x00000000a3300000, 0x00000000a3300000| Untracked 
|  24|0x00000000a3400000, 0x00000000a3400000, 0x00000000a3500000|  0%| F|  |TAMS 0x00000000a3400000, 0x00000000a3400000| Untracked 
|  25|0x00000000a3500000, 0x00000000a3500000, 0x00000000a3600000|  0%| F|  |TAMS 0x00000000a3500000, 0x00000000a3500000| Untracked 
|  26|0x00000000a3600000, 0x00000000a3600000, 0x00000000a3700000|  0%| F|  |TAMS 0x00000000a3600000, 0x00000000a3600000| Untracked 
|  27|0x00000000a3700000, 0x00000000a3700000, 0x00000000a3800000|  0%| F|  |TAMS 0x00000000a3700000, 0x00000000a3700000| Untracked 
|  28|0x00000000a3800000, 0x00000000a3800000, 0x00000000a3900000|  0%| F|  |TAMS 0x00000000a3800000, 0x00000000a3800000| Untracked 
|  29|0x00000000a3900000, 0x00000000a3900000, 0x00000000a3a00000|  0%| F|  |TAMS 0x00000000a3900000, 0x00000000a3900000| Untracked 
|  30|0x00000000a3a00000, 0x00000000a3a00000, 0x00000000a3b00000|  0%| F|  |TAMS 0x00000000a3a00000, 0x00000000a3a00000| Untracked 
|  31|0x00000000a3b00000, 0x00000000a3b00000, 0x00000000a3c00000|  0%| F|  |TAMS 0x00000000a3b00000, 0x00000000a3b00000| Untracked 
|  32|0x00000000a3c00000, 0x00000000a3c00000, 0x00000000a3d00000|  0%| F|  |TAMS 0x00000000a3c00000, 0x00000000a3c00000| Untracked 
|  33|0x00000000a3d00000, 0x00000000a3d00000, 0x00000000a3e00000|  0%| F|  |TAMS 0x00000000a3d00000, 0x00000000a3d00000| Untracked 
|  34|0x00000000a3e00000, 0x00000000a3e00000, 0x00000000a3f00000|  0%| F|  |TAMS 0x00000000a3e00000, 0x00000000a3e00000| Untracked 
|  35|0x00000000a3f00000, 0x00000000a3f00000, 0x00000000a4000000|  0%| F|  |TAMS 0x00000000a3f00000, 0x00000000a3f00000| Untracked 
|  36|0x00000000a4000000, 0x00000000a4000000, 0x00000000a4100000|  0%| F|  |TAMS 0x00000000a4000000, 0x00000000a4000000| Untracked 
|  37|0x00000000a4100000, 0x00000000a4100000, 0x00000000a4200000|  0%| F|  |TAMS 0x00000000a4100000, 0x00000000a4100000| Untracked 
|  38|0x00000000a4200000, 0x00000000a4200000, 0x00000000a4300000|  0%| F|  |TAMS 0x00000000a4200000, 0x00000000a4200000| Untracked 
|  39|0x00000000a4300000, 0x00000000a4300000, 0x00000000a4400000|  0%| F|  |TAMS 0x00000000a4300000, 0x00000000a4300000| Untracked 
|  40|0x00000000a4400000, 0x00000000a4400000, 0x00000000a4500000|  0%| F|  |TAMS 0x00000000a4400000, 0x00000000a4400000| Untracked 
|  41|0x00000000a4500000, 0x00000000a4500000, 0x00000000a4600000|  0%| F|  |TAMS 0x00000000a4500000, 0x00000000a4500000| Untracked 
|  42|0x00000000a4600000, 0x00000000a4600000, 0x00000000a4700000|  0%| F|  |TAMS 0x00000000a4600000, 0x00000000a4600000| Untracked 
|  43|0x00000000a4700000, 0x00000000a4700000, 0x00000000a4800000|  0%| F|  |TAMS 0x00000000a4700000, 0x00000000a4700000| Untracked 
|  44|0x00000000a4800000, 0x00000000a4800000, 0x00000000a4900000|  0%| F|  |TAMS 0x00000000a4800000, 0x00000000a4800000| Untracked 
|  45|0x00000000a4900000, 0x00000000a4900000, 0x00000000a4a00000|  0%| F|  |TAMS 0x00000000a4900000, 0x00000000a4900000| Untracked 
|  46|0x00000000a4a00000, 0x00000000a4a00000, 0x00000000a4b00000|  0%| F|  |TAMS 0x00000000a4a00000, 0x00000000a4a00000| Untracked 
|  47|0x00000000a4b00000, 0x00000000a4b00000, 0x00000000a4c00000|  0%| F|  |TAMS 0x00000000a4b00000, 0x00000000a4b00000| Untracked 
|  48|0x00000000a4c00000, 0x00000000a4c00000, 0x00000000a4d00000|  0%| F|  |TAMS 0x00000000a4c00000, 0x00000000a4c00000| Untracked 
|  49|0x00000000a4d00000, 0x00000000a4d00000, 0x00000000a4e00000|  0%| F|  |TAMS 0x00000000a4d00000, 0x00000000a4d00000| Untracked 
|  50|0x00000000a4e00000, 0x00000000a4e00000, 0x00000000a4f00000|  0%| F|  |TAMS 0x00000000a4e00000, 0x00000000a4e00000| Untracked 
|  51|0x00000000a4f00000, 0x00000000a4f00000, 0x00000000a5000000|  0%| F|  |TAMS 0x00000000a4f00000, 0x00000000a4f00000| Untracked 
|  52|0x00000000a5000000, 0x00000000a5000000, 0x00000000a5100000|  0%| F|  |TAMS 0x00000000a5000000, 0x00000000a5000000| Untracked 
|  53|0x00000000a5100000, 0x00000000a5100000, 0x00000000a5200000|  0%| F|  |TAMS 0x00000000a5100000, 0x00000000a5100000| Untracked 
|  54|0x00000000a5200000, 0x00000000a5200000, 0x00000000a5300000|  0%| F|  |TAMS 0x00000000a5200000, 0x00000000a5200000| Untracked 
|  55|0x00000000a5300000, 0x00000000a5300000, 0x00000000a5400000|  0%| F|  |TAMS 0x00000000a5300000, 0x00000000a5300000| Untracked 
|  56|0x00000000a5400000, 0x00000000a5400000, 0x00000000a5500000|  0%| F|  |TAMS 0x00000000a5400000, 0x00000000a5400000| Untracked 
|  57|0x00000000a5500000, 0x00000000a5500000, 0x00000000a5600000|  0%| F|  |TAMS 0x00000000a5500000, 0x00000000a5500000| Untracked 
|  58|0x00000000a5600000, 0x00000000a5600000, 0x00000000a5700000|  0%| F|  |TAMS 0x00000000a5600000, 0x00000000a5600000| Untracked 
|  59|0x00000000a5700000, 0x00000000a5700000, 0x00000000a5800000|  0%| F|  |TAMS 0x00000000a5700000, 0x00000000a5700000| Untracked 
|  60|0x00000000a5800000, 0x00000000a5800000, 0x00000000a5900000|  0%| F|  |TAMS 0x00000000a5800000, 0x00000000a5800000| Untracked 
|  61|0x00000000a5900000, 0x00000000a5900000, 0x00000000a5a00000|  0%| F|  |TAMS 0x00000000a5900000, 0x00000000a5900000| Untracked 
|  62|0x00000000a5a00000, 0x00000000a5a00000, 0x00000000a5b00000|  0%| F|  |TAMS 0x00000000a5a00000, 0x00000000a5a00000| Untracked 
|  63|0x00000000a5b00000, 0x00000000a5b00000, 0x00000000a5c00000|  0%| F|  |TAMS 0x00000000a5b00000, 0x00000000a5b00000| Untracked 
|  64|0x00000000a5c00000, 0x00000000a5c00000, 0x00000000a5d00000|  0%| F|  |TAMS 0x00000000a5c00000, 0x00000000a5c00000| Untracked 
|  65|0x00000000a5d00000, 0x00000000a5d00000, 0x00000000a5e00000|  0%| F|  |TAMS 0x00000000a5d00000, 0x00000000a5d00000| Untracked 
|  66|0x00000000a5e00000, 0x00000000a5e00000, 0x00000000a5f00000|  0%| F|  |TAMS 0x00000000a5e00000, 0x00000000a5e00000| Untracked 
|  67|0x00000000a5f00000, 0x00000000a5f00000, 0x00000000a6000000|  0%| F|  |TAMS 0x00000000a5f00000, 0x00000000a5f00000| Untracked 
|  68|0x00000000a6000000, 0x00000000a6000000, 0x00000000a6100000|  0%| F|  |TAMS 0x00000000a6000000, 0x00000000a6000000| Untracked 
|  69|0x00000000a6100000, 0x00000000a6100000, 0x00000000a6200000|  0%| F|  |TAMS 0x00000000a6100000, 0x00000000a6100000| Untracked 
|  70|0x00000000a6200000, 0x00000000a6300000, 0x00000000a6300000|100%| S|CS|TAMS 0x00000000a6200000, 0x00000000a6200000| Complete 
|  71|0x00000000a6300000, 0x00000000a6400000, 0x00000000a6400000|100%| S|CS|TAMS 0x00000000a6300000, 0x00000000a6300000| Complete 
|  72|0x00000000a6400000, 0x00000000a6500000, 0x00000000a6500000|100%| S|CS|TAMS 0x00000000a6400000, 0x00000000a6400000| Complete 
|  73|0x00000000a6500000, 0x00000000a6580800, 0x00000000a6600000| 50%| E|  |TAMS 0x00000000a6500000, 0x00000000a6500000| Complete 
|  74|0x00000000a6600000, 0x00000000a6700000, 0x00000000a6700000|100%| E|CS|TAMS 0x00000000a6600000, 0x00000000a6600000| Complete 
|  75|0x00000000a6700000, 0x00000000a6800000, 0x00000000a6800000|100%| E|CS|TAMS 0x00000000a6700000, 0x00000000a6700000| Complete 
|  76|0x00000000a6800000, 0x00000000a6900000, 0x00000000a6900000|100%| E|CS|TAMS 0x00000000a6800000, 0x00000000a6800000| Complete 
|  77|0x00000000a6900000, 0x00000000a6a00000, 0x00000000a6a00000|100%| E|CS|TAMS 0x00000000a6900000, 0x00000000a6900000| Complete 
|  78|0x00000000a6a00000, 0x00000000a6b00000, 0x00000000a6b00000|100%| E|CS|TAMS 0x00000000a6a00000, 0x00000000a6a00000| Complete 
|  79|0x00000000a6b00000, 0x00000000a6c00000, 0x00000000a6c00000|100%| E|CS|TAMS 0x00000000a6b00000, 0x00000000a6b00000| Complete 
|  80|0x00000000a6c00000, 0x00000000a6d00000, 0x00000000a6d00000|100%| E|CS|TAMS 0x00000000a6c00000, 0x00000000a6c00000| Complete 
|  81|0x00000000a6d00000, 0x00000000a6e00000, 0x00000000a6e00000|100%| E|CS|TAMS 0x00000000a6d00000, 0x00000000a6d00000| Complete 
|  82|0x00000000a6e00000, 0x00000000a6f00000, 0x00000000a6f00000|100%| E|CS|TAMS 0x00000000a6e00000, 0x00000000a6e00000| Complete 
|  83|0x00000000a6f00000, 0x00000000a7000000, 0x00000000a7000000|100%| E|CS|TAMS 0x00000000a6f00000, 0x00000000a6f00000| Complete 
|  84|0x00000000a7000000, 0x00000000a7100000, 0x00000000a7100000|100%| E|CS|TAMS 0x00000000a7000000, 0x00000000a7000000| Complete 
|  85|0x00000000a7100000, 0x00000000a7200000, 0x00000000a7200000|100%| E|CS|TAMS 0x00000000a7100000, 0x00000000a7100000| Complete 
|  86|0x00000000a7200000, 0x00000000a7300000, 0x00000000a7300000|100%| E|CS|TAMS 0x00000000a7200000, 0x00000000a7200000| Complete 
|  87|0x00000000a7300000, 0x00000000a7400000, 0x00000000a7400000|100%| E|CS|TAMS 0x00000000a7300000, 0x00000000a7300000| Complete 
|  88|0x00000000a7400000, 0x00000000a7500000, 0x00000000a7500000|100%| E|CS|TAMS 0x00000000a7400000, 0x00000000a7400000| Complete 
|  89|0x00000000a7500000, 0x00000000a7600000, 0x00000000a7600000|100%| E|CS|TAMS 0x00000000a7500000, 0x00000000a7500000| Complete 
|  90|0x00000000a7600000, 0x00000000a7700000, 0x00000000a7700000|100%| E|CS|TAMS 0x00000000a7600000, 0x00000000a7600000| Complete 
|  91|0x00000000a7700000, 0x00000000a7800000, 0x00000000a7800000|100%| E|CS|TAMS 0x00000000a7700000, 0x00000000a7700000| Complete 
|  92|0x00000000a7800000, 0x00000000a7900000, 0x00000000a7900000|100%| E|CS|TAMS 0x00000000a7800000, 0x00000000a7800000| Complete 
|  93|0x00000000a7900000, 0x00000000a7a00000, 0x00000000a7a00000|100%| E|CS|TAMS 0x00000000a7900000, 0x00000000a7900000| Complete 
|  94|0x00000000a7a00000, 0x00000000a7b00000, 0x00000000a7b00000|100%| E|CS|TAMS 0x00000000a7a00000, 0x00000000a7a00000| Complete 
|  95|0x00000000a7b00000, 0x00000000a7c00000, 0x00000000a7c00000|100%| E|CS|TAMS 0x00000000a7b00000, 0x00000000a7b00000| Complete 

Card table byte_map: [0x00000180e0bd0000,0x00000180e0ed0000] _byte_map_base: 0x00000180e06c2000

Marking Bits (Prev, Next): (CMBitMap*) 0x00000180ce111100, (CMBitMap*) 0x00000180ce111140
 Prev Bits: [0x00000180e11d0000, 0x00000180e2960000)
 Next Bits: [0x00000180e2960000, 0x00000180e40f0000)

Polling page: 0x00000180cc030000

Metaspace:

Usage:
  Non-class:     15.67 MB used.
      Class:      2.02 MB used.
       Both:     17.69 MB used.

Virtual space:
  Non-class space:       64.00 MB reserved,      15.75 MB ( 25%) committed,  1 nodes.
      Class space:        1.00 GB reserved,       2.12 MB ( <1%) committed,  1 nodes.
             Both:        1.06 GB reserved,      17.88 MB (  2%) committed. 

Chunk freelists:
   Non-Class:  64.00 KB
       Class:  13.72 MB
        Both:  13.79 MB

MaxMetaspaceSize: unlimited
CompressedClassSpaceSize: 1.00 GB
Initial GC threshold: 21.00 MB
Current GC threshold: 21.00 MB
CDS: off
MetaspaceReclaimPolicy: balanced
 - commit_granule_bytes: 65536.
 - commit_granule_words: 8192.
 - virtual_space_node_default_size: 8388608.
 - enlarge_chunks_in_place: 1.
 - new_chunks_are_fully_committed: 0.
 - uncommit_free_chunks: 1.
 - use_allocation_guard: 0.
 - handle_deallocations: 1.


Internal statistics:

num_allocs_failed_limit: 0.
num_arena_births: 94.
num_arena_deaths: 0.
num_vsnodes_births: 2.
num_vsnodes_deaths: 0.
num_space_committed: 286.
num_space_uncommitted: 0.
num_chunks_returned_to_freelist: 0.
num_chunks_taken_from_freelist: 347.
num_chunk_merges: 0.
num_chunk_splits: 220.
num_chunks_enlarged: 176.
num_inconsistent_stats: 0.

CodeHeap 'non-profiled nmethods': size=120000Kb used=591Kb max_used=591Kb free=119408Kb
 bounds [0x00000180d9070000, 0x00000180d92e0000, 0x00000180e05a0000]
CodeHeap 'profiled nmethods': size=120000Kb used=3011Kb max_used=3011Kb free=116988Kb
 bounds [0x00000180d15a0000, 0x00000180d18a0000, 0x00000180d8ad0000]
CodeHeap 'non-nmethods': size=5760Kb used=1176Kb max_used=1198Kb free=4583Kb
 bounds [0x00000180d8ad0000, 0x00000180d8d40000, 0x00000180d9070000]
 total_blobs=2012 nmethods=1535 adapters=390
 compilation: enabled
              stopped_count=0, restarted_count=0
 full_count=0

Compilation events (20 events):
Event: 16.820 Thread 0x00000180eb00c1a0 nmethod 1507 0x00000180d1884110 code [0x00000180d1884460, 0x00000180d18861c8]
Event: 17.316 Thread 0x00000180eb0083a0 1509       4       java.util.Objects::checkIndex (7 bytes)
Event: 17.317 Thread 0x00000180eb0083a0 nmethod 1509 0x00000180d9102a90 code [0x00000180d9102c00, 0x00000180d9102c98]
Event: 17.615 Thread 0x00000180eb00c1a0 1510       3       java.lang.invoke.VarHandleReferences$FieldInstanceReadWrite::compareAndSet (48 bytes)
Event: 17.616 Thread 0x00000180eb00c1a0 nmethod 1510 0x00000180d1886a10 code [0x00000180d1886c80, 0x00000180d18876c8]
Event: 17.616 Thread 0x00000180eb00c1a0 1511       3       java.util.concurrent.ScheduledThreadPoolExecutor$ScheduledFutureTask::getDelay (16 bytes)
Event: 17.617 Thread 0x00000180eb00c1a0 nmethod 1511 0x00000180d1887a90 code [0x00000180d1887c40, 0x00000180d1887dc8]
Event: 18.328 Thread 0x00000180eb00c1a0 1512       3       java.util.concurrent.locks.ReentrantLock::lock (8 bytes)
Event: 18.329 Thread 0x00000180eb00c1a0 nmethod 1512 0x00000180d1887e90 code [0x00000180d1888040, 0x00000180d18882f8]
Event: 18.329 Thread 0x00000180eb00c1a0 1513       3       java.util.concurrent.locks.ReentrantLock$Sync::lock (13 bytes)
Event: 18.329 Thread 0x00000180eb00c1a0 nmethod 1513 0x00000180d1888410 code [0x00000180d18885c0, 0x00000180d18887f8]
Event: 19.010 Thread 0x00000180eb00c1a0 1514       3       jdk.internal.reflect.ClassFileAssembler::emitByte (11 bytes)
Event: 19.010 Thread 0x00000180eb00c1a0 nmethod 1514 0x00000180d1888890 code [0x00000180d1888a40, 0x00000180d1888bc8]
Event: 19.010 Thread 0x00000180eb00c1a0 1515       3       jdk.internal.reflect.ByteVectorImpl::add (38 bytes)
Event: 19.010 Thread 0x00000180eb00c1a0 nmethod 1515 0x00000180d1888d10 code [0x00000180d1888ec0, 0x00000180d1889088]
Event: 19.012 Thread 0x00000180eb00c1a0 1516       3       java.lang.Class::getReflectionFactory (26 bytes)
Event: 19.013 Thread 0x00000180eb00c1a0 nmethod 1516 0x00000180d1889190 code [0x00000180d18893c0, 0x00000180d1889b98]
Event: 21.127 Thread 0x00000180eb00c1a0 1517       1       java.util.LinkedList::size (5 bytes)
Event: 21.127 Thread 0x00000180eb00c1a0 nmethod 1517 0x00000180d9102d90 code [0x00000180d9102f20, 0x00000180d9102ff8]
Event: 21.127 Thread 0x00000180eb0083a0 1518 % !   4       java.io.BufferedReader::readLine @ 139 (327 bytes)

GC Heap History (2 events):
Event: 2.590 GC heap before
{Heap before GC invocations=0 (full 0):
 garbage-first heap   total 98304K, used 28672K [0x00000000a1c00000, 0x0000000100000000)
  region size 1024K, 23 young (23552K), 0 survivors (0K)
 Metaspace       used 11146K, committed 11328K, reserved 1114112K
  class space    used 1166K, committed 1280K, reserved 1048576K
}
Event: 2.622 GC heap after
{Heap after GC invocations=1 (full 0):
 garbage-first heap   total 98304K, used 9177K [0x00000000a1c00000, 0x0000000100000000)
  region size 1024K, 3 young (3072K), 3 survivors (3072K)
 Metaspace       used 11146K, committed 11328K, reserved 1114112K
  class space    used 1166K, committed 1280K, reserved 1048576K
}

Dll operation events (2 events):
Event: 0.017 Loaded shared library C:\Program Files\Android\Android Studio\jbr\bin\java.dll
Event: 0.349 Loaded shared library C:\Program Files\Android\Android Studio\jbr\bin\verify.dll

Deoptimization events (20 events):
Event: 5.042 Thread 0x00000180ebe09170 Uncommon trap: trap_request=0xffffff45 fr.pc=0x00000180d90c1148 relative=0x0000000000000048
Event: 5.043 Thread 0x00000180ebe09170 Uncommon trap: reason=unstable_if action=reinterpret pc=0x00000180d90c1148 method=java.lang.CharacterData.of(I)Ljava/lang/CharacterData; @ 4 c2
Event: 5.043 Thread 0x00000180ebe09170 DEOPT PACKING pc=0x00000180d90c1148 sp=0x0000001aeb6fe850
Event: 5.043 Thread 0x00000180ebe09170 DEOPT UNPACKING pc=0x00000180d8b269a3 sp=0x0000001aeb6fe7e8 mode 2
Event: 5.050 Thread 0x00000180ebe09170 Uncommon trap: trap_request=0xffffff45 fr.pc=0x00000180d90a5ccc relative=0x000000000000012c
Event: 5.050 Thread 0x00000180ebe09170 Uncommon trap: reason=unstable_if action=reinterpret pc=0x00000180d90a5ccc method=java.lang.AbstractStringBuilder.putStringAt(ILjava/lang/String;II)V @ 8 c2
Event: 5.050 Thread 0x00000180ebe09170 DEOPT PACKING pc=0x00000180d90a5ccc sp=0x0000001aeb6ff090
Event: 5.050 Thread 0x00000180ebe09170 DEOPT UNPACKING pc=0x00000180d8b269a3 sp=0x0000001aeb6fefc0 mode 2
Event: 5.050 Thread 0x00000180ebe09170 Uncommon trap: trap_request=0xffffff45 fr.pc=0x00000180d90c955c relative=0x000000000000005c
Event: 5.050 Thread 0x00000180ebe09170 Uncommon trap: reason=unstable_if action=reinterpret pc=0x00000180d90c955c method=java.lang.AbstractStringBuilder.isLatin1()Z @ 10 c2
Event: 5.050 Thread 0x00000180ebe09170 DEOPT PACKING pc=0x00000180d90c955c sp=0x0000001aeb6fef20
Event: 5.050 Thread 0x00000180ebe09170 DEOPT UNPACKING pc=0x00000180d8b269a3 sp=0x0000001aeb6feeb0 mode 2
Event: 5.050 Thread 0x00000180ebe09170 Uncommon trap: trap_request=0xffffff45 fr.pc=0x00000180d90e596c relative=0x00000000000003cc
Event: 5.050 Thread 0x00000180ebe09170 Uncommon trap: reason=unstable_if action=reinterpret pc=0x00000180d90e596c method=java.lang.AbstractStringBuilder.isLatin1()Z @ 10 c2
Event: 5.050 Thread 0x00000180ebe09170 DEOPT PACKING pc=0x00000180d90e596c sp=0x0000001aeb6ff140
Event: 5.050 Thread 0x00000180ebe09170 DEOPT UNPACKING pc=0x00000180d8b269a3 sp=0x0000001aeb6ff0c0 mode 2
Event: 10.218 Thread 0x00000180ebe09170 Uncommon trap: trap_request=0xffffffde fr.pc=0x00000180d90c59dc relative=0x000000000000109c
Event: 10.218 Thread 0x00000180ebe09170 Uncommon trap: reason=class_check action=maybe_recompile pc=0x00000180d90c59dc method=java.util.concurrent.ConcurrentHashMap.putVal(Ljava/lang/Object;Ljava/lang/Object;Z)Ljava/lang/Object; @ 159 c2
Event: 10.218 Thread 0x00000180ebe09170 DEOPT PACKING pc=0x00000180d90c59dc sp=0x0000001aeb6fe4c0
Event: 10.218 Thread 0x00000180ebe09170 DEOPT UNPACKING pc=0x00000180d8b269a3 sp=0x0000001aeb6fe440 mode 2

Classes unloaded (0 events):
No events

Classes redefined (0 events):
No events

Internal exceptions (20 events):
Event: 2.553 Thread 0x00000180ce0c4c40 Exception <a 'java/lang/NoSuchMethodError'{0x00000000a657cb68}: 'void java.lang.invoke.DelegatingMethodHandle$Holder.delegate(java.lang.Object, java.lang.Object, int, java.lang.Object)'> (0x00000000a657cb68) 
thrown [s\src\hotspot\share\interpreter\linkResolver.cpp, line 771]
Event: 2.554 Thread 0x00000180ce0c4c40 Exception <a 'java/lang/NoSuchMethodError'{0x00000000a6580cb0}: 'int java.lang.invoke.DirectMethodHandle$Holder.invokeSpecial(java.lang.Object, java.lang.Object, java.lang.Object)'> (0x00000000a6580cb0) 
thrown [s\src\hotspot\share\interpreter\linkResolver.cpp, line 771]
Event: 2.560 Thread 0x00000180ce0c4c40 Exception <a 'java/lang/NoSuchMethodError'{0x00000000a6593e68}: 'java.lang.Object java.lang.invoke.Invokers$Holder.invokeExact_MT(java.lang.Object, java.lang.Object, java.lang.Object, java.lang.Object)'> (0x00000000a6593e68) 
thrown [s\src\hotspot\share\interpreter\linkResolver.cpp, line 771]
Event: 2.922 Thread 0x00000180ce0c4c40 Exception <a 'java/lang/NoSuchMethodError'{0x00000000a78f3ff8}: 'java.lang.Object java.lang.invoke.DirectMethodHandle$Holder.invokeInterface(java.lang.Object, java.lang.Object, java.lang.Object)'> (0x00000000a78f3ff8) 
thrown [s\src\hotspot\share\interpreter\linkResolver.cpp, line 771]
Event: 2.932 Thread 0x00000180ce0c4c40 Exception <a 'java/lang/NoSuchMethodError'{0x00000000a7716ce8}: 'void java.lang.invoke.DirectMethodHandle$Holder.invokeSpecial(java.lang.Object, java.lang.Object, java.lang.Object)'> (0x00000000a7716ce8) 
thrown [s\src\hotspot\share\interpreter\linkResolver.cpp, line 771]
Event: 2.975 Thread 0x00000180ce0c4c40 Implicit null exception at 0x00000180d90bf88c to 0x00000180d90bfdd0
Event: 2.975 Thread 0x00000180ce0c4c40 Implicit null exception at 0x00000180d90aad0f to 0x00000180d90ab254
Event: 3.051 Thread 0x00000180ce0c4c40 Exception <a 'java/lang/NoSuchMethodError'{0x00000000a76b6920}: 'java.lang.Object java.lang.invoke.DirectMethodHandle$Holder.invokeStaticInit(java.lang.Object)'> (0x00000000a76b6920) 
thrown [s\src\hotspot\share\interpreter\linkResolver.cpp, line 771]
Event: 3.326 Thread 0x00000180ce0c4c40 Exception <a 'java/lang/NoSuchMethodError'{0x00000000a72b2bb0}: 'java.lang.Object java.lang.invoke.DirectMethodHandle$Holder.invokeStaticInit(java.lang.Object, int, int, int, int)'> (0x00000000a72b2bb0) 
thrown [s\src\hotspot\share\interpreter\linkResolver.cpp, line 771]
Event: 3.875 Thread 0x00000180ce0c4c40 Exception <a 'java/lang/NoSuchMethodError'{0x00000000a719b678}: 'java.lang.Object java.lang.invoke.DirectMethodHandle$Holder.invokeStaticInit(java.lang.Object, java.lang.Object, int, int, int, int)'> (0x00000000a719b678) 
thrown [s\src\hotspot\share\interpreter\linkResolver.cpp, line 771]
Event: 4.414 Thread 0x00000180ce0c4c40 Exception <a 'java/lang/NoSuchMethodError'{0x00000000a71c9e78}: 'void java.lang.invoke.DirectMethodHandle$Holder.invokeStatic(java.lang.Object, java.lang.Object, java.lang.Object)'> (0x00000000a71c9e78) 
thrown [s\src\hotspot\share\interpreter\linkResolver.cpp, line 771]
Event: 4.484 Thread 0x00000180ce0c4c40 Implicit null exception at 0x00000180d90a4c72 to 0x00000180d90a5240
Event: 4.487 Thread 0x00000180ce0c4c40 Implicit null exception at 0x00000180d90af8f2 to 0x00000180d90afed0
Event: 4.514 Thread 0x00000180ce0c4c40 Exception <a 'java/net/ConnectException'{0x00000000a70ad0c0}: Connection refused: no further information> (0x00000000a70ad0c0) 
thrown [s\src\hotspot\share\prims\jni.cpp, line 536]
Event: 4.986 Thread 0x00000180ebe09170 Exception <a 'java/lang/NoSuchMethodError'{0x00000000a69a0930}: 'void java.lang.invoke.DirectMethodHandle$Holder.invokeStatic(java.lang.Object, long)'> (0x00000000a69a0930) 
thrown [s\src\hotspot\share\interpreter\linkResolver.cpp, line 771]
Event: 4.987 Thread 0x00000180ebe09170 Exception <a 'java/lang/NoSuchMethodError'{0x00000000a69a5fe0}: 'java.lang.Object java.lang.invoke.DirectMethodHandle$Holder.newInvokeSpecial(java.lang.Object, long)'> (0x00000000a69a5fe0) 
thrown [s\src\hotspot\share\interpreter\linkResolver.cpp, line 771]
Event: 4.992 Thread 0x00000180ebe09170 Exception <a 'java/lang/NoSuchMethodError'{0x00000000a69b0b88}: 'java.lang.Object java.lang.invoke.DirectMethodHandle$Holder.invokeStaticInit(java.lang.Object, java.lang.Object, long, java.lang.Object)'> (0x00000000a69b0b88) 
thrown [s\src\hotspot\share\interpreter\linkResolver.cpp, line 771]
Event: 4.994 Thread 0x00000180ebe09170 Exception <a 'java/lang/NoSuchMethodError'{0x00000000a69b7210}: 'java.lang.Object java.lang.invoke.DirectMethodHandle$Holder.newInvokeSpecial(java.lang.Object, java.lang.Object, long)'> (0x00000000a69b7210) 
thrown [s\src\hotspot\share\interpreter\linkResolver.cpp, line 771]
Event: 4.995 Thread 0x00000180ebe09170 Exception <a 'java/lang/NoSuchMethodError'{0x00000000a69bb500}: 'java.lang.Object java.lang.invoke.Invokers$Holder.linkToTargetMethod(java.lang.Object, long, java.lang.Object)'> (0x00000000a69bb500) 
thrown [s\src\hotspot\share\interpreter\linkResolver.cpp, line 771]
Event: 21.120 Thread 0x00000180ce0c4c40 Exception <a 'sun/net/ConnectionResetException'{0x00000000a667f1e8}: Connection reset> (0x00000000a667f1e8) 
thrown [s\src\hotspot\share\prims\jni.cpp, line 536]

VM Operations (20 events):
Event: 3.458 Executing VM operation: HandshakeAllThreads
Event: 3.458 Executing VM operation: HandshakeAllThreads done
Event: 4.470 Executing VM operation: Cleanup
Event: 4.471 Executing VM operation: Cleanup done
Event: 4.564 Executing VM operation: HandshakeAllThreads
Event: 4.564 Executing VM operation: HandshakeAllThreads done
Event: 5.004 Executing VM operation: HandshakeAllThreads
Event: 5.004 Executing VM operation: HandshakeAllThreads done
Event: 5.044 Executing VM operation: HandshakeAllThreads
Event: 5.044 Executing VM operation: HandshakeAllThreads done
Event: 6.057 Executing VM operation: Cleanup
Event: 6.057 Executing VM operation: Cleanup done
Event: 8.086 Executing VM operation: Cleanup
Event: 8.086 Executing VM operation: Cleanup done
Event: 10.290 Executing VM operation: HandshakeAllThreads
Event: 10.290 Executing VM operation: HandshakeAllThreads done
Event: 10.290 Executing VM operation: Cleanup
Event: 10.290 Executing VM operation: Cleanup done
Event: 11.293 Executing VM operation: Cleanup
Event: 11.293 Executing VM operation: Cleanup done

Events (20 events):
Event: 19.008 loading class jdk/internal/reflect/ByteVectorImpl
Event: 19.008 loading class jdk/internal/reflect/ByteVector
Event: 19.008 loading class jdk/internal/reflect/ByteVector done
Event: 19.008 loading class jdk/internal/reflect/ByteVectorImpl done
Event: 19.008 loading class jdk/internal/reflect/ClassFileAssembler
Event: 19.009 loading class jdk/internal/reflect/ClassFileAssembler done
Event: 19.009 loading class jdk/internal/reflect/UTF8
Event: 19.009 loading class jdk/internal/reflect/UTF8 done
Event: 19.010 loading class jdk/internal/reflect/Label
Event: 19.010 loading class jdk/internal/reflect/Label done
Event: 19.011 loading class jdk/internal/reflect/Label$PatchInfo
Event: 19.011 loading class jdk/internal/reflect/Label$PatchInfo done
Event: 19.011 loading class jdk/internal/reflect/MethodAccessorGenerator$1
Event: 19.011 loading class jdk/internal/reflect/MethodAccessorGenerator$1 done
Event: 19.011 loading class jdk/internal/reflect/ClassDefiner
Event: 19.011 loading class jdk/internal/reflect/ClassDefiner done
Event: 19.011 loading class jdk/internal/reflect/ClassDefiner$1
Event: 19.011 loading class jdk/internal/reflect/ClassDefiner$1 done
Event: 21.119 loading class sun/net/ConnectionResetException
Event: 21.119 loading class sun/net/ConnectionResetException done


Dynamic libraries:
0x00007ff64b450000 - 0x00007ff64b45a000 	C:\Program Files\Android\Android Studio\jbr\bin\java.exe
0x00007fff52490000 - 0x00007fff52688000 	C:\Windows\SYSTEM32\ntdll.dll
0x00007fff50b30000 - 0x00007fff50bed000 	C:\Windows\System32\KERNEL32.DLL
0x00007fff4fd70000 - 0x00007fff50066000 	C:\Windows\System32\KERNELBASE.dll
0x00007fff4fc70000 - 0x00007fff4fd70000 	C:\Windows\System32\ucrtbase.dll
0x00007fff40f70000 - 0x00007fff40f8b000 	C:\Program Files\Android\Android Studio\jbr\bin\VCRUNTIME140.dll
0x00007fff3d400000 - 0x00007fff3d417000 	C:\Program Files\Android\Android Studio\jbr\bin\jli.dll
0x00007fff3da00000 - 0x00007fff3dc9a000 	C:\Windows\WinSxS\amd64_microsoft.windows.common-controls_6595b64144ccf1df_6.0.19041.3636_none_60b6a03d71f818d5\COMCTL32.dll
0x00007fff51260000 - 0x00007fff512fe000 	C:\Windows\System32\msvcrt.dll
0x00007fff50990000 - 0x00007fff50b2e000 	C:\Windows\System32\USER32.dll
0x00007fff507b0000 - 0x00007fff507db000 	C:\Windows\System32\GDI32.dll
0x00007fff50070000 - 0x00007fff50092000 	C:\Windows\System32\win32u.dll
0x00007fff500a0000 - 0x00007fff501b7000 	C:\Windows\System32\gdi32full.dll
0x00007fff501c0000 - 0x00007fff5025d000 	C:\Windows\System32\msvcp_win.dll
0x00007fff515f0000 - 0x00007fff51622000 	C:\Windows\System32\IMM32.DLL
0x00007fff4b7b0000 - 0x00007fff4b7bc000 	C:\Program Files\Android\Android Studio\jbr\bin\vcruntime140_1.dll
0x00007fff01da0000 - 0x00007fff01e2d000 	C:\Program Files\Android\Android Studio\jbr\bin\msvcp140.dll
0x00007ffee3b70000 - 0x00007ffee47f0000 	C:\Program Files\Android\Android Studio\jbr\bin\server\jvm.dll
0x00007fff51720000 - 0x00007fff517d0000 	C:\Windows\System32\ADVAPI32.dll
0x00007fff51f40000 - 0x00007fff51fe0000 	C:\Windows\System32\sechost.dll
0x00007fff50bf0000 - 0x00007fff50d15000 	C:\Windows\System32\RPCRT4.dll
0x00007fff4fbf0000 - 0x00007fff4fc17000 	C:\Windows\System32\bcrypt.dll
0x00007fff47380000 - 0x00007fff47389000 	C:\Windows\SYSTEM32\WSOCK32.dll
0x00007fff447b0000 - 0x00007fff447d7000 	C:\Windows\SYSTEM32\WINMM.dll
0x00007fff50d20000 - 0x00007fff50d8b000 	C:\Windows\System32\WS2_32.dll
0x00007fff447e0000 - 0x00007fff447ea000 	C:\Windows\SYSTEM32\VERSION.dll
0x00007fff4d9b0000 - 0x00007fff4d9c2000 	C:\Windows\SYSTEM32\kernel.appcore.dll
0x00007fff40b10000 - 0x00007fff40b1a000 	C:\Program Files\Android\Android Studio\jbr\bin\jimage.dll
0x00007fff45ad0000 - 0x00007fff45cb4000 	C:\Windows\SYSTEM32\DBGHELP.DLL
0x00007fff3a4b0000 - 0x00007fff3a4e4000 	C:\Windows\SYSTEM32\dbgcore.DLL
0x00007fff50430000 - 0x00007fff504b2000 	C:\Windows\System32\bcryptPrimitives.dll
0x00007fff11c90000 - 0x00007fff11cb5000 	C:\Program Files\Android\Android Studio\jbr\bin\java.dll
0x00007fff3c9e0000 - 0x00007fff3c9f8000 	C:\Program Files\Android\Android Studio\jbr\bin\zip.dll
0x00007fff517d0000 - 0x00007fff51f3b000 	C:\Windows\System32\SHELL32.dll
0x00007fff4dbb0000 - 0x00007fff4e34e000 	C:\Windows\SYSTEM32\windows.storage.dll
0x00007fff520f0000 - 0x00007fff52443000 	C:\Windows\System32\combase.dll
0x00007fff4f4a0000 - 0x00007fff4f4ce000 	C:\Windows\SYSTEM32\Wldp.dll
0x00007fff50660000 - 0x00007fff5072d000 	C:\Windows\System32\OLEAUT32.dll
0x00007fff51540000 - 0x00007fff515ed000 	C:\Windows\System32\SHCORE.dll
0x00007fff50d90000 - 0x00007fff50de5000 	C:\Windows\System32\shlwapi.dll
0x00007fff4fa70000 - 0x00007fff4fa95000 	C:\Windows\SYSTEM32\profapi.dll
0x00007fff3c6c0000 - 0x00007fff3c6d9000 	C:\Program Files\Android\Android Studio\jbr\bin\net.dll
0x00007fff471b0000 - 0x00007fff472ba000 	C:\Windows\SYSTEM32\WINHTTP.dll
0x00007fff4f1e0000 - 0x00007fff4f24a000 	C:\Windows\system32\mswsock.dll
0x00007fff3c620000 - 0x00007fff3c636000 	C:\Program Files\Android\Android Studio\jbr\bin\nio.dll
0x00007fff40a60000 - 0x00007fff40a70000 	C:\Program Files\Android\Android Studio\jbr\bin\verify.dll
0x00007fff09790000 - 0x00007fff097b7000 	C:\Users\UTKARSH SOHANE\.gradle\native\e1d6ef7f7dcc3fd88c89a11ec53ec762bb8ba0a96d01ffa2cd45eb1d1d8dd5c5\windows-amd64\native-platform.dll
0x00007fff3d0f0000 - 0x00007fff3d0f9000 	C:\Program Files\Android\Android Studio\jbr\bin\management.dll
0x00007fff3ca10000 - 0x00007fff3ca1b000 	C:\Program Files\Android\Android Studio\jbr\bin\management_ext.dll
0x00007fff51630000 - 0x00007fff51638000 	C:\Windows\System32\PSAPI.DLL
0x00007fff4f400000 - 0x00007fff4f418000 	C:\Windows\SYSTEM32\CRYPTSP.dll
0x00007fff4eaf0000 - 0x00007fff4eb24000 	C:\Windows\system32\rsaenh.dll
0x00007fff4fa30000 - 0x00007fff4fa5e000 	C:\Windows\SYSTEM32\USERENV.dll
0x00007fff4f3f0000 - 0x00007fff4f3fc000 	C:\Windows\SYSTEM32\CRYPTBASE.dll
0x00007fff4eec0000 - 0x00007fff4eefb000 	C:\Windows\SYSTEM32\IPHLPAPI.DLL
0x00007fff504c0000 - 0x00007fff504c8000 	C:\Windows\System32\NSI.dll
0x00007fff450a0000 - 0x00007fff450b7000 	C:\Windows\SYSTEM32\dhcpcsvc6.DLL
0x00007fff452d0000 - 0x00007fff452ed000 	C:\Windows\SYSTEM32\dhcpcsvc.DLL
0x00007fff4ef10000 - 0x00007fff4efdb000 	C:\Windows\SYSTEM32\DNSAPI.dll
0x00007fff0e130000 - 0x00007fff0e137000 	C:\Windows\system32\wshunix.dll

dbghelp: loaded successfully - version: 4.0.5 - missing functions: none
symbol engine: initialized successfully - sym options: 0x614 - pdb path: .;C:\Program Files\Android\Android Studio\jbr\bin;C:\Windows\SYSTEM32;C:\Windows\WinSxS\amd64_microsoft.windows.common-controls_6595b64144ccf1df_6.0.19041.3636_none_60b6a03d71f818d5;C:\Program Files\Android\Android Studio\jbr\bin\server;C:\Users\UTKARSH SOHANE\.gradle\native\e1d6ef7f7dcc3fd88c89a11ec53ec762bb8ba0a96d01ffa2cd45eb1d1d8dd5c5\windows-amd64

VM Arguments:
jvm_args: -Dorg.gradle.appname=gradlew 
java_command: org.gradle.wrapper.GradleWrapperMain -q -Ptarget-platform=android-x64 -Ptarget=C:\UtkarshSohane\ShoppingApp\shopping_app\lib\main.dart -Pbase-application-name=android.app.Application -Pdart-defines=RkxVVFRFUl9XRUJfQVVUT19ERVRFQ1Q9dHJ1ZQ==,RkxVVFRFUl9XRUJfQ0FOVkFTS0lUX1VSTD1odHRwczovL3d3dy5nc3RhdGljLmNvbS9mbHV0dGVyLWNhbnZhc2tpdC81NGE3MTQ1MzAzZjBkZDlkMGY5MzQyNGEyZTEyNGViNGFiZWY1MDkxLw== -Pdart-obfuscation=false -Ptrack-widget-creation=true -Ptree-shake-icons=false -Pfilesystem-scheme=org-dartlang-root assembleDebug
java_class_path (initial): C:\UtkarshSohane\ShoppingApp\shopping_app\android\\gradle\wrapper\gradle-wrapper.jar
Launcher Type: SUN_STANDARD

[Global flags]
     intx CICompilerCount                          = 4                                         {product} {ergonomic}
     uint ConcGCThreads                            = 2                                         {product} {ergonomic}
     uint G1ConcRefinementThreads                  = 8                                         {product} {ergonomic}
   size_t G1HeapRegionSize                         = 1048576                                   {product} {ergonomic}
    uintx GCDrainStackTargetSize                   = 64                                        {product} {ergonomic}
   size_t InitialHeapSize                          = 100663296                                 {product} {ergonomic}
   size_t MarkStackSize                            = 4194304                                   {product} {ergonomic}
   size_t MaxHeapSize                              = 1581252608                                {product} {ergonomic}
   size_t MaxNewSize                               = 947912704                                 {product} {ergonomic}
   size_t MinHeapDeltaBytes                        = 1048576                                   {product} {ergonomic}
   size_t MinHeapSize                              = 8388608                                   {product} {ergonomic}
    uintx NonNMethodCodeHeapSize                   = 5839372                                {pd product} {ergonomic}
    uintx NonProfiledCodeHeapSize                  = 122909434                              {pd product} {ergonomic}
    uintx ProfiledCodeHeapSize                     = 122909434                              {pd product} {ergonomic}
    uintx ReservedCodeCacheSize                    = 251658240                              {pd product} {ergonomic}
     bool SegmentedCodeCache                       = true                                      {product} {ergonomic}
   size_t SoftMaxHeapSize                          = 1581252608                             {manageable} {ergonomic}
     bool UseCompressedClassPointers               = true                           {product lp64_product} {ergonomic}
     bool UseCompressedOops                        = true                           {product lp64_product} {ergonomic}
     bool UseG1GC                                  = true                                      {product} {ergonomic}
     bool UseLargePagesIndividualAllocation        = false                                  {pd product} {ergonomic}

Logging:
Log output configuration:
 #0: stdout all=warning uptime,level,tags
 #1: stderr all=off uptime,level,tags

Environment Variables:
JAVA_HOME=C:\Program Files\Android\Android Studio\jbr
CLASSPATH=C:\UtkarshSohane\ShoppingApp\shopping_app\android\\gradle\wrapper\gradle-wrapper.jar
PATH=C:\Program Files\Android\Android Studio\jbr\bin;C:\Program Files (x86)\Common Files\Oracle\Java\javapath;C:\Program Files\Common Files\Oracle\Java\javapath;C:\Windows\system32;C:\Windows;C:\Windows\System32\Wbem;C:\Windows\System32\WindowsPowerShell\v1.0\;C:\Windows\System32\OpenSSH\;C:\Program Files\dotnet\;C:\Program Files\nodejs\;C:\Program Files\Git\cmd;C:\Program Files\Git\mingw64\bin;C:\Program Files\Git\usr\bin;C:\Program Files\MySQL\MySQL Shell 8.0\bin\;C:\Users\UTKARSH SOHANE\AppData\Local\Programs\Python\Python310\Scripts\;C:\Users\UTKARSH SOHANE\AppData\Local\Programs\Python\Python310\;C:\Users\UTKARSH SOHANE\AppData\Local\Microsoft\WindowsApps;C:\Program Files\CodeBlocks\MinGW\bin;c:\altera\12.1\modelsim_ase\win32aloem;C:\Users\UTKARSH SOHANE\AppData\Roaming\npm;C:\src\flutter\bin;C:\src\flutter\bin\mingit\cmd;C:\src\flutter\bin\mingit\cmd
USERNAME=UTKARSH SOHANE
OS=Windows_NT
PROCESSOR_IDENTIFIER=AMD64 Family 23 Model 24 Stepping 1, AuthenticAMD
TMP=C:\Users\UTKARS~1\AppData\Local\Temp
TEMP=C:\Users\UTKARS~1\AppData\Local\Temp


JNI global refs:
JNI global refs: 19, weak refs: 1

JNI global refs memory usage: 843, weak refs: 841

OOME stack traces (most recent first):
Classloader memory used:
Loader bootstrap                                                                       : 1675K
Loader org.gradle.internal.classloader.VisitableURLClassLoader                         : 529K
Loader java.net.URLClassLoader                                                         : 25818B
Loader jdk.internal.loader.ClassLoaders$AppClassLoader                                 : 18431B
Loader jdk.internal.loader.ClassLoaders$PlatformClassLoader                            : 16094B
Loader jdk.internal.reflect.DelegatingClassLoader                                      : 439B

Classes loaded by more than one classloader:
Class org.gradle.internal.installation.GradleInstallation                             : loaded 2 times (x 73B)
Class org.gradle.cli.ParsedCommandLine                                                : loaded 2 times (x 78B)
Class org.gradle.internal.classpath.ClassPath                                         : loaded 2 times (x 68B)
Class org.gradle.api.internal.classpath.DefaultModuleRegistry                         : loaded 2 times (x 84B)
Class org.gradle.api.Action                                                           : loaded 2 times (x 68B)
Class org.gradle.cli.CommandLineParser$OptionString                                   : loaded 2 times (x 71B)
Class org.gradle.internal.installation.GradleInstallation$1                           : loaded 2 times (x 73B)
Class org.gradle.cli.CommandLineParser$AfterOptions                                   : loaded 2 times (x 75B)
Class org.gradle.internal.classpath.DefaultClassPath$ImmutableUniqueList$Builder      : loaded 2 times (x 73B)
Class org.gradle.cli.CommandLineParser$AfterFirstSubCommand                           : loaded 2 times (x 75B)
Class org.gradle.internal.classloader.ClassLoaderVisitor                              : loaded 2 times (x 74B)
Class org.gradle.internal.service.UnknownServiceException                             : loaded 2 times (x 81B)
Class org.gradle.api.GradleException                                                  : loaded 2 times (x 80B)
Class org.gradle.api.internal.classpath.ModuleRegistry                                : loaded 2 times (x 68B)
Class org.gradle.cli.CommandLineParser$KnownOptionParserState                         : loaded 2 times (x 74B)
Class org.gradle.internal.classloader.ClasspathUtil$1                                 : loaded 2 times (x 74B)
Class org.gradle.cli.AbstractPropertiesCommandLineConverter                           : loaded 2 times (x 81B)
Class org.gradle.api.internal.classpath.ManifestUtil                                  : loaded 2 times (x 69B)
Class org.gradle.api.specs.Spec                                                       : loaded 2 times (x 68B)
Class org.gradle.cli.SystemPropertiesCommandLineConverter                             : loaded 2 times (x 81B)
Class org.gradle.internal.IoActions                                                   : loaded 2 times (x 69B)
Class org.gradle.api.internal.classpath.EffectiveClassPath                            : loaded 2 times (x 88B)
Class org.gradle.internal.installation.CurrentGradleInstallation                      : loaded 2 times (x 71B)
Class org.gradle.internal.installation.CurrentGradleInstallationLocator               : loaded 2 times (x 69B)
Class org.gradle.api.internal.classpath.Module                                        : loaded 2 times (x 68B)
Class org.gradle.internal.classpath.DefaultClassPath                                  : loaded 2 times (x 88B)
Class org.gradle.api.Transformer                                                      : loaded 2 times (x 68B)
Class org.gradle.cli.CommandLineParser                                                : loaded 2 times (x 77B)
Class org.gradle.cli.CommandLineParser$BeforeFirstSubCommand                          : loaded 2 times (x 75B)
Class org.gradle.internal.classloader.SystemClassLoaderSpec                           : loaded 2 times (x 69B)
Class org.gradle.cli.CommandLineOption                                                : loaded 2 times (x 84B)
Class org.gradle.cli.CommandLineParser$ParserState                                    : loaded 2 times (x 74B)
Class org.gradle.cli.CommandLineParser$MissingOptionArgState                          : loaded 2 times (x 75B)
Class org.gradle.api.UncheckedIOException                                             : loaded 2 times (x 80B)
Class org.gradle.cli.ParsedCommandLineOption                                          : loaded 2 times (x 74B)
Class org.gradle.internal.classloader.ClasspathUtil                                   : loaded 2 times (x 69B)
Class org.gradle.api.internal.classpath.DefaultModuleRegistry$DefaultModule           : loaded 2 times (x 84B)
Class org.gradle.cli.CommandLineParser$UnknownOptionParserState                       : loaded 2 times (x 74B)
Class org.gradle.api.internal.classpath.UnknownModuleException                        : loaded 2 times (x 80B)
Class org.gradle.internal.service.ServiceLookupException                              : loaded 2 times (x 80B)
Class org.gradle.cache.GlobalCache                                                    : loaded 2 times (x 68B)
Class org.gradle.util.internal.GUtil                                                  : loaded 2 times (x 69B)
Class org.gradle.internal.classloader.ClassLoaderSpec                                 : loaded 2 times (x 69B)
Class org.gradle.cli.CommandLineParser$OptionAwareParserState                         : loaded 2 times (x 75B)
Class org.gradle.cli.CommandLineParser$OptionParserState                              : loaded 2 times (x 73B)
Class org.gradle.internal.Cast                                                        : loaded 2 times (x 69B)
Class org.gradle.internal.classloader.ClassLoaderHierarchy                            : loaded 2 times (x 68B)
Class org.gradle.cli.CommandLineConverter                                             : loaded 2 times (x 68B)
Class org.gradle.internal.classpath.DefaultClassPath$ImmutableUniqueList              : loaded 2 times (x 159B)
Class org.gradle.cli.AbstractCommandLineConverter                                     : loaded 2 times (x 77B)
Class org.gradle.cli.CommandLineArgumentException                                     : loaded 2 times (x 80B)


---------------  S Y S T E M  ---------------

OS:
 Windows 10 , 64 bit Build 19041 (10.0.19041.3636)
OS uptime: 1 days 22:16 hours
Hyper-V role detected

CPU: total 8 (initial active 8) (8 cores per cpu, 2 threads per core) family 23 model 24 stepping 1 microcode 0x0, cx8, cmov, fxsr, ht, mmx, 3dnowpref, sse, sse2, sse3, ssse3, sse4a, sse4.1, sse4.2, popcnt, lzcnt, tsc, tscinvbit, avx, avx2, aes, clmul, bmi1, bmi2, adx, sha, fma, vzeroupper, clflush, clflushopt, hv

Memory: 4k page, system-wide physical 6030M (460M free)
TotalPageFile size 18318M (AvailPageFile size 225M)
current process WorkingSet (physical memory assigned to process): 96M, peak: 99M
current process commit charge ("private bytes"): 196M, peak: 200M

vm_info: OpenJDK 64-Bit Server VM (17.0.7+0-b2043.56-10550314) for windows-amd64 JRE (17.0.7+0-b2043.56-10550314), built on Jul 24 2023 18:27:45 by "androidbuild" with MS VC++ 16.10 / 16.11 (VS2019)

END.
